2016-07-22 20:24:36,917 [Worker-0] INFO  o.e.m.c.i.l.LifecycleMappingFactory - Using org.eclipse.m2e.jdt.JarLifecycleMapping lifecycle mapping for MavenProject: atc.com.mx:extracting-data:1.0-SNAPSHOT @ /home/jparanda/workSpaceJuan/extracting-data/pom.xml.
2016-07-22 20:24:37,357 [Worker-0] INFO  o.e.m.j.i.AbstractJavaProjectConfigurator - Adding source folder /extracting-data/src/main/java
2016-07-22 20:24:37,358 [Worker-0] INFO  o.e.m.j.i.AbstractJavaProjectConfigurator - Adding source folder /extracting-data/src/test/java
2016-07-22 20:24:37,695 [Worker-0] INFO  o.e.m.c.i.p.ProjectConfigurationManager - Imported and configured 1 project(s) in 1 sec
2016-07-22 20:24:38,743 [Worker-12] INFO  o.e.m.c.i.l.LifecycleMappingFactory - Using org.eclipse.m2e.jdt.JarLifecycleMapping lifecycle mapping for MavenProject: atc.com.mx:extracting-data:1.0-SNAPSHOT @ /home/jparanda/workSpaceJuan/extracting-data/pom.xml.
2016-07-22 20:24:39,275 [Worker-0] INFO  o.e.m.c.i.l.LifecycleMappingFactory - Using org.eclipse.m2e.jdt.JarLifecycleMapping lifecycle mapping for MavenProject: atc.com.mx:extracting-data:1.0-SNAPSHOT @ /home/jparanda/workSpaceJuan/extracting-data/pom.xml.
2016-07-22 20:24:39,652 [Worker-0] WARN  o.e.m.c.i.embedder.EclipseLogger - Using platform encoding (UTF-8 actually) to copy filtered resources, i.e. build is platform dependent!
2016-07-22 20:24:39,653 [Worker-0] INFO  o.e.m.c.i.embedder.EclipseLogger - skip non existing resourceDirectory /home/jparanda/workSpaceJuan/extracting-data/src/main/resources
2016-07-22 20:24:39,660 [Worker-0] WARN  o.e.m.c.i.embedder.EclipseLogger - Using platform encoding (UTF-8 actually) to copy filtered resources, i.e. build is platform dependent!
2016-07-22 20:24:39,661 [Worker-0] INFO  o.e.m.c.i.embedder.EclipseLogger - skip non existing resourceDirectory /home/jparanda/workSpaceJuan/extracting-data/src/test/resources
2016-07-22 20:24:40,791 [Worker-15] INFO  o.e.m.c.i.l.LifecycleMappingFactory - Using org.eclipse.m2e.jdt.JarLifecycleMapping lifecycle mapping for MavenProject: atc.com.mx:extracting-data:1.0-SNAPSHOT @ /home/jparanda/workSpaceJuan/extracting-data/pom.xml.
2016-07-22 20:24:41,964 [Worker-11] WARN  o.e.m.c.i.embedder.EclipseLogger - Using platform encoding (UTF-8 actually) to copy filtered resources, i.e. build is platform dependent!
2016-07-22 20:24:41,965 [Worker-11] INFO  o.e.m.c.i.embedder.EclipseLogger - skip non existing resourceDirectory /home/jparanda/workSpaceJuan/extracting-data/src/main/resources
2016-07-22 20:24:41,966 [Worker-11] WARN  o.e.m.c.i.embedder.EclipseLogger - Using platform encoding (UTF-8 actually) to copy filtered resources, i.e. build is platform dependent!
2016-07-22 20:24:41,967 [Worker-11] INFO  o.e.m.c.i.embedder.EclipseLogger - skip non existing resourceDirectory /home/jparanda/workSpaceJuan/extracting-data/src/test/resources
2016-07-22 20:38:59,284 [Worker-22] WARN  o.e.m.c.i.embedder.EclipseLogger - Using platform encoding (UTF-8 actually) to copy filtered resources, i.e. build is platform dependent!
2016-07-22 20:38:59,285 [Worker-22] INFO  o.e.m.c.i.embedder.EclipseLogger - skip non existing resourceDirectory /home/jparanda/workSpaceJuan/extracting-data/src/main/resources
2016-07-22 20:38:59,286 [Worker-22] WARN  o.e.m.c.i.embedder.EclipseLogger - Using platform encoding (UTF-8 actually) to copy filtered resources, i.e. build is platform dependent!
2016-07-22 20:38:59,286 [Worker-22] INFO  o.e.m.c.i.embedder.EclipseLogger - skip non existing resourceDirectory /home/jparanda/workSpaceJuan/extracting-data/src/test/resources
2016-07-22 20:39:30,105 [Worker-21] WARN  o.e.m.c.i.embedder.EclipseLogger - Using platform encoding (UTF-8 actually) to copy filtered resources, i.e. build is platform dependent!
2016-07-22 20:39:30,105 [Worker-21] INFO  o.e.m.c.i.embedder.EclipseLogger - skip non existing resourceDirectory /home/jparanda/workSpaceJuan/extracting-data/src/main/resources
2016-07-22 20:39:30,107 [Worker-21] WARN  o.e.m.c.i.embedder.EclipseLogger - Using platform encoding (UTF-8 actually) to copy filtered resources, i.e. build is platform dependent!
2016-07-22 20:39:30,107 [Worker-21] INFO  o.e.m.c.i.embedder.EclipseLogger - skip non existing resourceDirectory /home/jparanda/workSpaceJuan/extracting-data/src/test/resources
2016-07-22 20:39:44,002 [Worker-23] WARN  o.e.m.c.i.embedder.EclipseLogger - Using platform encoding (UTF-8 actually) to copy filtered resources, i.e. build is platform dependent!
2016-07-22 20:39:44,002 [Worker-23] INFO  o.e.m.c.i.embedder.EclipseLogger - skip non existing resourceDirectory /home/jparanda/workSpaceJuan/extracting-data/src/main/resources
2016-07-22 20:39:44,003 [Worker-23] WARN  o.e.m.c.i.embedder.EclipseLogger - Using platform encoding (UTF-8 actually) to copy filtered resources, i.e. build is platform dependent!
2016-07-22 20:39:44,003 [Worker-23] INFO  o.e.m.c.i.embedder.EclipseLogger - skip non existing resourceDirectory /home/jparanda/workSpaceJuan/extracting-data/src/test/resources
2016-07-22 20:40:43,006 [Worker-22] WARN  o.e.m.c.i.embedder.EclipseLogger - Using platform encoding (UTF-8 actually) to copy filtered resources, i.e. build is platform dependent!
2016-07-22 20:40:43,007 [Worker-22] INFO  o.e.m.c.i.embedder.EclipseLogger - skip non existing resourceDirectory /home/jparanda/workSpaceJuan/extracting-data/src/main/resources
2016-07-22 20:40:43,008 [Worker-22] WARN  o.e.m.c.i.embedder.EclipseLogger - Using platform encoding (UTF-8 actually) to copy filtered resources, i.e. build is platform dependent!
2016-07-22 20:40:43,009 [Worker-22] INFO  o.e.m.c.i.embedder.EclipseLogger - skip non existing resourceDirectory /home/jparanda/workSpaceJuan/extracting-data/src/test/resources
2016-07-22 20:41:12,827 [Worker-24] WARN  o.e.m.c.i.embedder.EclipseLogger - Using platform encoding (UTF-8 actually) to copy filtered resources, i.e. build is platform dependent!
2016-07-22 20:41:12,827 [Worker-24] INFO  o.e.m.c.i.embedder.EclipseLogger - skip non existing resourceDirectory /home/jparanda/workSpaceJuan/extracting-data/src/main/resources
2016-07-22 20:41:12,831 [Worker-24] WARN  o.e.m.c.i.embedder.EclipseLogger - Using platform encoding (UTF-8 actually) to copy filtered resources, i.e. build is platform dependent!
2016-07-22 20:41:12,831 [Worker-24] INFO  o.e.m.c.i.embedder.EclipseLogger - skip non existing resourceDirectory /home/jparanda/workSpaceJuan/extracting-data/src/test/resources
2016-07-22 20:42:38,841 [Worker-18] WARN  o.e.m.c.i.embedder.EclipseLogger - Using platform encoding (UTF-8 actually) to copy filtered resources, i.e. build is platform dependent!
2016-07-22 20:42:38,842 [Worker-18] INFO  o.e.m.c.i.embedder.EclipseLogger - skip non existing resourceDirectory /home/jparanda/workSpaceJuan/extracting-data/src/main/resources
2016-07-22 20:42:38,844 [Worker-18] WARN  o.e.m.c.i.embedder.EclipseLogger - Using platform encoding (UTF-8 actually) to copy filtered resources, i.e. build is platform dependent!
2016-07-22 20:42:38,844 [Worker-18] INFO  o.e.m.c.i.embedder.EclipseLogger - skip non existing resourceDirectory /home/jparanda/workSpaceJuan/extracting-data/src/test/resources
2016-07-22 20:43:52,204 [Worker-25] WARN  o.e.m.c.i.embedder.EclipseLogger - Using platform encoding (UTF-8 actually) to copy filtered resources, i.e. build is platform dependent!
2016-07-22 20:43:52,204 [Worker-25] INFO  o.e.m.c.i.embedder.EclipseLogger - skip non existing resourceDirectory /home/jparanda/workSpaceJuan/extracting-data/src/main/resources
2016-07-22 20:43:52,205 [Worker-25] WARN  o.e.m.c.i.embedder.EclipseLogger - Using platform encoding (UTF-8 actually) to copy filtered resources, i.e. build is platform dependent!
2016-07-22 20:43:52,206 [Worker-25] INFO  o.e.m.c.i.embedder.EclipseLogger - skip non existing resourceDirectory /home/jparanda/workSpaceJuan/extracting-data/src/test/resources
2016-07-22 20:49:03,860 [Worker-25] WARN  o.e.m.c.i.embedder.EclipseLogger - Using platform encoding (UTF-8 actually) to copy filtered resources, i.e. build is platform dependent!
2016-07-22 20:49:03,861 [Worker-25] INFO  o.e.m.c.i.embedder.EclipseLogger - skip non existing resourceDirectory /home/jparanda/workSpaceJuan/extracting-data/src/main/resources
2016-07-22 20:49:03,862 [Worker-25] WARN  o.e.m.c.i.embedder.EclipseLogger - Using platform encoding (UTF-8 actually) to copy filtered resources, i.e. build is platform dependent!
2016-07-22 20:49:03,862 [Worker-25] INFO  o.e.m.c.i.embedder.EclipseLogger - skip non existing resourceDirectory /home/jparanda/workSpaceJuan/extracting-data/src/test/resources
2016-07-22 20:49:49,337 [Worker-23] WARN  o.e.m.c.i.embedder.EclipseLogger - Using platform encoding (UTF-8 actually) to copy filtered resources, i.e. build is platform dependent!
2016-07-22 20:49:49,337 [Worker-23] INFO  o.e.m.c.i.embedder.EclipseLogger - skip non existing resourceDirectory /home/jparanda/workSpaceJuan/extracting-data/src/main/resources
2016-07-22 20:49:49,339 [Worker-23] WARN  o.e.m.c.i.embedder.EclipseLogger - Using platform encoding (UTF-8 actually) to copy filtered resources, i.e. build is platform dependent!
2016-07-22 20:49:49,339 [Worker-23] INFO  o.e.m.c.i.embedder.EclipseLogger - skip non existing resourceDirectory /home/jparanda/workSpaceJuan/extracting-data/src/test/resources
2016-07-22 20:50:16,484 [Worker-22] WARN  o.e.m.c.i.embedder.EclipseLogger - Using platform encoding (UTF-8 actually) to copy filtered resources, i.e. build is platform dependent!
2016-07-22 20:50:16,484 [Worker-22] INFO  o.e.m.c.i.embedder.EclipseLogger - skip non existing resourceDirectory /home/jparanda/workSpaceJuan/extracting-data/src/main/resources
2016-07-22 20:50:16,485 [Worker-22] WARN  o.e.m.c.i.embedder.EclipseLogger - Using platform encoding (UTF-8 actually) to copy filtered resources, i.e. build is platform dependent!
2016-07-22 20:50:16,486 [Worker-22] INFO  o.e.m.c.i.embedder.EclipseLogger - skip non existing resourceDirectory /home/jparanda/workSpaceJuan/extracting-data/src/test/resources
2016-07-22 20:50:38,207 [Worker-19] WARN  o.e.m.c.i.embedder.EclipseLogger - Using platform encoding (UTF-8 actually) to copy filtered resources, i.e. build is platform dependent!
2016-07-22 20:50:38,207 [Worker-19] INFO  o.e.m.c.i.embedder.EclipseLogger - skip non existing resourceDirectory /home/jparanda/workSpaceJuan/extracting-data/src/main/resources
2016-07-22 20:50:38,208 [Worker-19] WARN  o.e.m.c.i.embedder.EclipseLogger - Using platform encoding (UTF-8 actually) to copy filtered resources, i.e. build is platform dependent!
2016-07-22 20:50:38,209 [Worker-19] INFO  o.e.m.c.i.embedder.EclipseLogger - skip non existing resourceDirectory /home/jparanda/workSpaceJuan/extracting-data/src/test/resources
2016-07-22 20:59:46,090 [Worker-26] WARN  o.e.m.c.i.embedder.EclipseLogger - Using platform encoding (UTF-8 actually) to copy filtered resources, i.e. build is platform dependent!
2016-07-22 20:59:46,093 [Worker-26] INFO  o.e.m.c.i.embedder.EclipseLogger - skip non existing resourceDirectory /home/jparanda/workSpaceJuan/extracting-data/src/main/resources
2016-07-22 20:59:46,094 [Worker-26] WARN  o.e.m.c.i.embedder.EclipseLogger - Using platform encoding (UTF-8 actually) to copy filtered resources, i.e. build is platform dependent!
2016-07-22 20:59:46,094 [Worker-26] INFO  o.e.m.c.i.embedder.EclipseLogger - skip non existing resourceDirectory /home/jparanda/workSpaceJuan/extracting-data/src/test/resources
2016-07-22 21:02:25,910 [Worker-23] WARN  o.e.m.c.i.embedder.EclipseLogger - Using platform encoding (UTF-8 actually) to copy filtered resources, i.e. build is platform dependent!
2016-07-22 21:02:25,910 [Worker-23] INFO  o.e.m.c.i.embedder.EclipseLogger - skip non existing resourceDirectory /home/jparanda/workSpaceJuan/extracting-data/src/main/resources
2016-07-22 21:02:25,911 [Worker-23] WARN  o.e.m.c.i.embedder.EclipseLogger - Using platform encoding (UTF-8 actually) to copy filtered resources, i.e. build is platform dependent!
2016-07-22 21:02:25,912 [Worker-23] INFO  o.e.m.c.i.embedder.EclipseLogger - skip non existing resourceDirectory /home/jparanda/workSpaceJuan/extracting-data/src/test/resources
2016-07-22 21:02:53,142 [Worker-29] WARN  o.e.m.c.i.embedder.EclipseLogger - Using platform encoding (UTF-8 actually) to copy filtered resources, i.e. build is platform dependent!
2016-07-22 21:02:53,142 [Worker-29] INFO  o.e.m.c.i.embedder.EclipseLogger - skip non existing resourceDirectory /home/jparanda/workSpaceJuan/extracting-data/src/main/resources
2016-07-22 21:02:53,144 [Worker-29] WARN  o.e.m.c.i.embedder.EclipseLogger - Using platform encoding (UTF-8 actually) to copy filtered resources, i.e. build is platform dependent!
2016-07-22 21:02:53,145 [Worker-29] INFO  o.e.m.c.i.embedder.EclipseLogger - skip non existing resourceDirectory /home/jparanda/workSpaceJuan/extracting-data/src/test/resources
2016-07-22 21:03:46,360 [Worker-28] WARN  o.e.m.c.i.embedder.EclipseLogger - Using platform encoding (UTF-8 actually) to copy filtered resources, i.e. build is platform dependent!
2016-07-22 21:03:46,361 [Worker-28] INFO  o.e.m.c.i.embedder.EclipseLogger - skip non existing resourceDirectory /home/jparanda/workSpaceJuan/extracting-data/src/main/resources
2016-07-22 21:03:46,363 [Worker-28] WARN  o.e.m.c.i.embedder.EclipseLogger - Using platform encoding (UTF-8 actually) to copy filtered resources, i.e. build is platform dependent!
2016-07-22 21:03:46,363 [Worker-28] INFO  o.e.m.c.i.embedder.EclipseLogger - skip non existing resourceDirectory /home/jparanda/workSpaceJuan/extracting-data/src/test/resources
2016-07-22 21:04:05,991 [Worker-28] WARN  o.e.m.c.i.embedder.EclipseLogger - Using platform encoding (UTF-8 actually) to copy filtered resources, i.e. build is platform dependent!
2016-07-22 21:04:05,992 [Worker-28] INFO  o.e.m.c.i.embedder.EclipseLogger - skip non existing resourceDirectory /home/jparanda/workSpaceJuan/extracting-data/src/main/resources
2016-07-22 21:04:05,993 [Worker-28] WARN  o.e.m.c.i.embedder.EclipseLogger - Using platform encoding (UTF-8 actually) to copy filtered resources, i.e. build is platform dependent!
2016-07-22 21:04:05,993 [Worker-28] INFO  o.e.m.c.i.embedder.EclipseLogger - skip non existing resourceDirectory /home/jparanda/workSpaceJuan/extracting-data/src/test/resources
2016-07-22 21:04:25,834 [Worker-28] INFO  o.e.m.c.i.p.ProjectConfigurationManager - Update started
2016-07-22 21:04:25,963 [Worker-28] INFO  o.e.m.c.i.l.LifecycleMappingFactory - Using org.eclipse.m2e.jdt.JarLifecycleMapping lifecycle mapping for MavenProject: atc.com.mx:extracting-data:1.0-SNAPSHOT @ /home/jparanda/workSpaceJuan/extracting-data/pom.xml.
2016-07-22 21:04:26,012 [Worker-28] INFO  o.e.m.j.i.AbstractJavaProjectConfigurator - Adding source folder /extracting-data/src/main/java
2016-07-22 21:04:26,012 [Worker-28] INFO  o.e.m.j.i.AbstractJavaProjectConfigurator - Adding source folder /extracting-data/src/test/java
2016-07-22 21:04:26,078 [Worker-28] INFO  o.e.m.c.i.p.ProjectConfigurationManager - Update completed: 0 sec
2016-07-22 21:04:26,390 [Worker-31] WARN  o.e.m.c.i.embedder.EclipseLogger - Using platform encoding (UTF-8 actually) to copy filtered resources, i.e. build is platform dependent!
2016-07-22 21:04:26,391 [Worker-31] INFO  o.e.m.c.i.embedder.EclipseLogger - skip non existing resourceDirectory /home/jparanda/workSpaceJuan/extracting-data/src/main/resources
2016-07-22 21:04:26,392 [Worker-31] WARN  o.e.m.c.i.embedder.EclipseLogger - Using platform encoding (UTF-8 actually) to copy filtered resources, i.e. build is platform dependent!
2016-07-22 21:04:26,392 [Worker-31] INFO  o.e.m.c.i.embedder.EclipseLogger - skip non existing resourceDirectory /home/jparanda/workSpaceJuan/extracting-data/src/test/resources
2016-07-22 21:05:20,794 [Worker-29] INFO  o.e.m.c.i.l.LifecycleMappingFactory - Using org.eclipse.m2e.jdt.JarLifecycleMapping lifecycle mapping for MavenProject: atc.com.mx:extracting-data:1.0-SNAPSHOT @ /home/jparanda/workSpaceJuan/extracting-data/pom.xml.
2016-07-22 21:05:20,829 [Worker-29] WARN  o.e.m.c.i.embedder.EclipseLogger - Using platform encoding (UTF-8 actually) to copy filtered resources, i.e. build is platform dependent!
2016-07-22 21:05:20,829 [Worker-29] INFO  o.e.m.c.i.embedder.EclipseLogger - skip non existing resourceDirectory /home/jparanda/workSpaceJuan/extracting-data/src/main/resources
2016-07-22 21:05:20,831 [Worker-29] WARN  o.e.m.c.i.embedder.EclipseLogger - Using platform encoding (UTF-8 actually) to copy filtered resources, i.e. build is platform dependent!
2016-07-22 21:05:20,831 [Worker-29] INFO  o.e.m.c.i.embedder.EclipseLogger - skip non existing resourceDirectory /home/jparanda/workSpaceJuan/extracting-data/src/test/resources
2016-07-22 21:05:43,258 [Worker-29] INFO  o.e.m.c.i.p.ProjectConfigurationManager - Update started
2016-07-22 21:05:43,357 [Worker-29] INFO  o.e.m.c.i.l.LifecycleMappingFactory - Using org.eclipse.m2e.jdt.JarLifecycleMapping lifecycle mapping for MavenProject: atc.com.mx:extracting-data:1.0-SNAPSHOT @ /home/jparanda/workSpaceJuan/extracting-data/pom.xml.
2016-07-22 21:05:43,391 [Worker-29] INFO  o.e.m.j.i.AbstractJavaProjectConfigurator - Adding source folder /extracting-data/src/main/java
2016-07-22 21:05:43,392 [Worker-29] INFO  o.e.m.j.i.AbstractJavaProjectConfigurator - Adding source folder /extracting-data/src/test/java
2016-07-22 21:05:43,479 [Worker-29] INFO  o.e.m.c.i.p.ProjectConfigurationManager - Update completed: 0 sec
2016-07-22 21:05:43,776 [Worker-31] WARN  o.e.m.c.i.embedder.EclipseLogger - Using platform encoding (UTF-8 actually) to copy filtered resources, i.e. build is platform dependent!
2016-07-22 21:05:43,777 [Worker-31] INFO  o.e.m.c.i.embedder.EclipseLogger - skip non existing resourceDirectory /home/jparanda/workSpaceJuan/extracting-data/src/main/resources
2016-07-22 21:05:43,778 [Worker-31] WARN  o.e.m.c.i.embedder.EclipseLogger - Using platform encoding (UTF-8 actually) to copy filtered resources, i.e. build is platform dependent!
2016-07-22 21:05:43,778 [Worker-31] INFO  o.e.m.c.i.embedder.EclipseLogger - skip non existing resourceDirectory /home/jparanda/workSpaceJuan/extracting-data/src/test/resources
2016-07-22 21:05:51,812 [Worker-29] WARN  o.e.m.c.i.embedder.EclipseLogger - Using platform encoding (UTF-8 actually) to copy filtered resources, i.e. build is platform dependent!
2016-07-22 21:05:51,813 [Worker-29] INFO  o.e.m.c.i.embedder.EclipseLogger - skip non existing resourceDirectory /home/jparanda/workSpaceJuan/extracting-data/src/main/resources
2016-07-22 21:05:51,814 [Worker-29] WARN  o.e.m.c.i.embedder.EclipseLogger - Using platform encoding (UTF-8 actually) to copy filtered resources, i.e. build is platform dependent!
2016-07-22 21:05:51,814 [Worker-29] INFO  o.e.m.c.i.embedder.EclipseLogger - skip non existing resourceDirectory /home/jparanda/workSpaceJuan/extracting-data/src/test/resources
2016-07-22 21:06:43,055 [Worker-23] INFO  o.e.m.c.i.l.LifecycleMappingFactory - Using org.eclipse.m2e.jdt.JarLifecycleMapping lifecycle mapping for MavenProject: atc.com.mx:extracting-data:1.0-SNAPSHOT @ /home/jparanda/workSpaceJuan/extracting-data/pom.xml.
2016-07-22 21:07:13,173 [Worker-27] INFO  o.e.m.c.i.l.LifecycleMappingFactory - Using org.eclipse.m2e.jdt.JarLifecycleMapping lifecycle mapping for MavenProject: atc.com.mx:extracting-data:1.0-SNAPSHOT @ /home/jparanda/workSpaceJuan/extracting-data/pom.xml.
2016-07-22 21:08:14,813 [Worker-31] INFO  o.e.m.c.i.l.LifecycleMappingFactory - Using org.eclipse.m2e.jdt.JarLifecycleMapping lifecycle mapping for MavenProject: atc.com.mx:extracting-data:1.0-SNAPSHOT @ /home/jparanda/workSpaceJuan/extracting-data/pom.xml.
2016-07-22 21:10:33,028 [Worker-23] WARN  o.e.m.c.i.embedder.EclipseLogger - Using platform encoding (UTF-8 actually) to copy filtered resources, i.e. build is platform dependent!
2016-07-22 21:10:33,028 [Worker-23] INFO  o.e.m.c.i.embedder.EclipseLogger - skip non existing resourceDirectory /home/jparanda/workSpaceJuan/extracting-data/src/main/resources
2016-07-22 21:10:33,029 [Worker-23] WARN  o.e.m.c.i.embedder.EclipseLogger - Using platform encoding (UTF-8 actually) to copy filtered resources, i.e. build is platform dependent!
2016-07-22 21:10:33,030 [Worker-23] INFO  o.e.m.c.i.embedder.EclipseLogger - skip non existing resourceDirectory /home/jparanda/workSpaceJuan/extracting-data/src/test/resources
2016-07-22 21:13:27,860 [Worker-34] WARN  o.e.m.c.i.embedder.EclipseLogger - Using platform encoding (UTF-8 actually) to copy filtered resources, i.e. build is platform dependent!
2016-07-22 21:13:27,865 [Worker-34] INFO  o.e.m.c.i.embedder.EclipseLogger - skip non existing resourceDirectory /home/jparanda/workSpaceJuan/extracting-data/src/main/resources
2016-07-22 21:13:27,867 [Worker-34] WARN  o.e.m.c.i.embedder.EclipseLogger - Using platform encoding (UTF-8 actually) to copy filtered resources, i.e. build is platform dependent!
2016-07-22 21:13:27,868 [Worker-34] INFO  o.e.m.c.i.embedder.EclipseLogger - skip non existing resourceDirectory /home/jparanda/workSpaceJuan/extracting-data/src/test/resources
2016-07-22 21:15:23,014 [Worker-35] WARN  o.e.m.c.i.embedder.EclipseLogger - Using platform encoding (UTF-8 actually) to copy filtered resources, i.e. build is platform dependent!
2016-07-22 21:15:23,014 [Worker-35] INFO  o.e.m.c.i.embedder.EclipseLogger - skip non existing resourceDirectory /home/jparanda/workSpaceJuan/extracting-data/src/main/resources
2016-07-22 21:15:23,016 [Worker-35] WARN  o.e.m.c.i.embedder.EclipseLogger - Using platform encoding (UTF-8 actually) to copy filtered resources, i.e. build is platform dependent!
2016-07-22 21:15:23,016 [Worker-35] INFO  o.e.m.c.i.embedder.EclipseLogger - skip non existing resourceDirectory /home/jparanda/workSpaceJuan/extracting-data/src/test/resources
2016-07-22 21:18:35,716 [Worker-35] WARN  o.e.m.c.i.embedder.EclipseLogger - Using platform encoding (UTF-8 actually) to copy filtered resources, i.e. build is platform dependent!
2016-07-22 21:18:35,716 [Worker-35] INFO  o.e.m.c.i.embedder.EclipseLogger - skip non existing resourceDirectory /home/jparanda/workSpaceJuan/extracting-data/src/main/resources
2016-07-22 21:18:35,717 [Worker-35] WARN  o.e.m.c.i.embedder.EclipseLogger - Using platform encoding (UTF-8 actually) to copy filtered resources, i.e. build is platform dependent!
2016-07-22 21:18:35,718 [Worker-35] INFO  o.e.m.c.i.embedder.EclipseLogger - skip non existing resourceDirectory /home/jparanda/workSpaceJuan/extracting-data/src/test/resources
2016-07-22 21:19:57,918 [Worker-39] WARN  o.e.m.c.i.embedder.EclipseLogger - Using platform encoding (UTF-8 actually) to copy filtered resources, i.e. build is platform dependent!
2016-07-22 21:19:57,918 [Worker-39] INFO  o.e.m.c.i.embedder.EclipseLogger - skip non existing resourceDirectory /home/jparanda/workSpaceJuan/extracting-data/src/main/resources
2016-07-22 21:19:57,919 [Worker-39] WARN  o.e.m.c.i.embedder.EclipseLogger - Using platform encoding (UTF-8 actually) to copy filtered resources, i.e. build is platform dependent!
2016-07-22 21:19:57,919 [Worker-39] INFO  o.e.m.c.i.embedder.EclipseLogger - skip non existing resourceDirectory /home/jparanda/workSpaceJuan/extracting-data/src/test/resources
2016-07-22 21:26:23,239 [Worker-44] WARN  o.e.m.c.i.embedder.EclipseLogger - Using platform encoding (UTF-8 actually) to copy filtered resources, i.e. build is platform dependent!
2016-07-22 21:26:23,240 [Worker-44] INFO  o.e.m.c.i.embedder.EclipseLogger - skip non existing resourceDirectory /home/jparanda/workSpaceJuan/extracting-data/src/main/resources
2016-07-22 21:26:23,243 [Worker-44] WARN  o.e.m.c.i.embedder.EclipseLogger - Using platform encoding (UTF-8 actually) to copy filtered resources, i.e. build is platform dependent!
2016-07-22 21:26:23,244 [Worker-44] INFO  o.e.m.c.i.embedder.EclipseLogger - skip non existing resourceDirectory /home/jparanda/workSpaceJuan/extracting-data/src/test/resources
2016-07-22 21:26:58,149 [Worker-49] WARN  o.e.m.c.i.embedder.EclipseLogger - Using platform encoding (UTF-8 actually) to copy filtered resources, i.e. build is platform dependent!
2016-07-22 21:26:58,149 [Worker-49] INFO  o.e.m.c.i.embedder.EclipseLogger - skip non existing resourceDirectory /home/jparanda/workSpaceJuan/extracting-data/src/main/resources
2016-07-22 21:26:58,150 [Worker-49] WARN  o.e.m.c.i.embedder.EclipseLogger - Using platform encoding (UTF-8 actually) to copy filtered resources, i.e. build is platform dependent!
2016-07-22 21:26:58,150 [Worker-49] INFO  o.e.m.c.i.embedder.EclipseLogger - skip non existing resourceDirectory /home/jparanda/workSpaceJuan/extracting-data/src/test/resources
2016-07-22 21:29:05,163 [Worker-31] WARN  o.e.m.c.i.embedder.EclipseLogger - Using platform encoding (UTF-8 actually) to copy filtered resources, i.e. build is platform dependent!
2016-07-22 21:29:05,166 [Worker-31] INFO  o.e.m.c.i.embedder.EclipseLogger - skip non existing resourceDirectory /home/jparanda/workSpaceJuan/extracting-data/src/main/resources
2016-07-22 21:29:05,167 [Worker-31] WARN  o.e.m.c.i.embedder.EclipseLogger - Using platform encoding (UTF-8 actually) to copy filtered resources, i.e. build is platform dependent!
2016-07-22 21:29:05,168 [Worker-31] INFO  o.e.m.c.i.embedder.EclipseLogger - skip non existing resourceDirectory /home/jparanda/workSpaceJuan/extracting-data/src/test/resources
2016-07-22 21:31:22,347 [Worker-45] WARN  o.e.m.c.i.embedder.EclipseLogger - Using platform encoding (UTF-8 actually) to copy filtered resources, i.e. build is platform dependent!
2016-07-22 21:31:22,347 [Worker-45] INFO  o.e.m.c.i.embedder.EclipseLogger - skip non existing resourceDirectory /home/jparanda/workSpaceJuan/extracting-data/src/main/resources
2016-07-22 21:31:22,348 [Worker-45] WARN  o.e.m.c.i.embedder.EclipseLogger - Using platform encoding (UTF-8 actually) to copy filtered resources, i.e. build is platform dependent!
2016-07-22 21:31:22,348 [Worker-45] INFO  o.e.m.c.i.embedder.EclipseLogger - skip non existing resourceDirectory /home/jparanda/workSpaceJuan/extracting-data/src/test/resources
2016-07-22 21:58:46,882 [Worker-69] WARN  o.e.m.c.i.embedder.EclipseLogger - Using platform encoding (UTF-8 actually) to copy filtered resources, i.e. build is platform dependent!
2016-07-22 21:58:46,883 [Worker-69] INFO  o.e.m.c.i.embedder.EclipseLogger - skip non existing resourceDirectory /home/jparanda/workSpaceJuan/extracting-data/src/main/resources
2016-07-22 21:58:46,883 [Worker-69] WARN  o.e.m.c.i.embedder.EclipseLogger - Using platform encoding (UTF-8 actually) to copy filtered resources, i.e. build is platform dependent!
2016-07-22 21:58:46,884 [Worker-69] INFO  o.e.m.c.i.embedder.EclipseLogger - skip non existing resourceDirectory /home/jparanda/workSpaceJuan/extracting-data/src/test/resources
2016-07-22 22:01:47,278 [Worker-64] WARN  o.e.m.c.i.embedder.EclipseLogger - Using platform encoding (UTF-8 actually) to copy filtered resources, i.e. build is platform dependent!
2016-07-22 22:01:47,279 [Worker-64] INFO  o.e.m.c.i.embedder.EclipseLogger - skip non existing resourceDirectory /home/jparanda/workSpaceJuan/extracting-data/src/main/resources
2016-07-22 22:01:47,279 [Worker-64] WARN  o.e.m.c.i.embedder.EclipseLogger - Using platform encoding (UTF-8 actually) to copy filtered resources, i.e. build is platform dependent!
2016-07-22 22:01:47,279 [Worker-64] INFO  o.e.m.c.i.embedder.EclipseLogger - skip non existing resourceDirectory /home/jparanda/workSpaceJuan/extracting-data/src/test/resources
2016-07-22 22:11:10,611 [Worker-83] WARN  o.e.m.c.i.embedder.EclipseLogger - Using platform encoding (UTF-8 actually) to copy filtered resources, i.e. build is platform dependent!
2016-07-22 22:11:10,611 [Worker-83] INFO  o.e.m.c.i.embedder.EclipseLogger - skip non existing resourceDirectory /home/jparanda/workSpaceJuan/extracting-data/src/main/resources
2016-07-22 22:11:10,612 [Worker-83] WARN  o.e.m.c.i.embedder.EclipseLogger - Using platform encoding (UTF-8 actually) to copy filtered resources, i.e. build is platform dependent!
2016-07-22 22:11:10,612 [Worker-83] INFO  o.e.m.c.i.embedder.EclipseLogger - skip non existing resourceDirectory /home/jparanda/workSpaceJuan/extracting-data/src/test/resources
2016-07-22 22:13:02,765 [Worker-69] WARN  o.e.m.c.i.embedder.EclipseLogger - Using platform encoding (UTF-8 actually) to copy filtered resources, i.e. build is platform dependent!
2016-07-22 22:13:02,766 [Worker-69] INFO  o.e.m.c.i.embedder.EclipseLogger - skip non existing resourceDirectory /home/jparanda/workSpaceJuan/extracting-data/src/main/resources
2016-07-22 22:13:02,768 [Worker-69] WARN  o.e.m.c.i.embedder.EclipseLogger - Using platform encoding (UTF-8 actually) to copy filtered resources, i.e. build is platform dependent!
2016-07-22 22:13:02,768 [Worker-69] INFO  o.e.m.c.i.embedder.EclipseLogger - skip non existing resourceDirectory /home/jparanda/workSpaceJuan/extracting-data/src/test/resources
2016-07-22 22:19:52,909 [Worker-89] WARN  o.e.m.c.i.embedder.EclipseLogger - Using platform encoding (UTF-8 actually) to copy filtered resources, i.e. build is platform dependent!
2016-07-22 22:19:52,910 [Worker-89] INFO  o.e.m.c.i.embedder.EclipseLogger - skip non existing resourceDirectory /home/jparanda/workSpaceJuan/extracting-data/src/main/resources
2016-07-22 22:19:52,910 [Worker-89] WARN  o.e.m.c.i.embedder.EclipseLogger - Using platform encoding (UTF-8 actually) to copy filtered resources, i.e. build is platform dependent!
2016-07-22 22:19:52,911 [Worker-89] INFO  o.e.m.c.i.embedder.EclipseLogger - skip non existing resourceDirectory /home/jparanda/workSpaceJuan/extracting-data/src/test/resources
2016-07-22 22:20:17,012 [Worker-89] WARN  o.e.m.c.i.embedder.EclipseLogger - Using platform encoding (UTF-8 actually) to copy filtered resources, i.e. build is platform dependent!
2016-07-22 22:20:17,012 [Worker-89] INFO  o.e.m.c.i.embedder.EclipseLogger - skip non existing resourceDirectory /home/jparanda/workSpaceJuan/extracting-data/src/main/resources
2016-07-22 22:20:17,013 [Worker-89] WARN  o.e.m.c.i.embedder.EclipseLogger - Using platform encoding (UTF-8 actually) to copy filtered resources, i.e. build is platform dependent!
2016-07-22 22:20:17,013 [Worker-89] INFO  o.e.m.c.i.embedder.EclipseLogger - skip non existing resourceDirectory /home/jparanda/workSpaceJuan/extracting-data/src/test/resources
2016-07-22 22:22:12,582 [Worker-71] WARN  o.e.m.c.i.embedder.EclipseLogger - Using platform encoding (UTF-8 actually) to copy filtered resources, i.e. build is platform dependent!
2016-07-22 22:22:12,582 [Worker-71] INFO  o.e.m.c.i.embedder.EclipseLogger - skip non existing resourceDirectory /home/jparanda/workSpaceJuan/extracting-data/src/main/resources
2016-07-22 22:22:12,583 [Worker-71] WARN  o.e.m.c.i.embedder.EclipseLogger - Using platform encoding (UTF-8 actually) to copy filtered resources, i.e. build is platform dependent!
2016-07-22 22:22:12,583 [Worker-71] INFO  o.e.m.c.i.embedder.EclipseLogger - skip non existing resourceDirectory /home/jparanda/workSpaceJuan/extracting-data/src/test/resources
2016-07-22 22:28:08,285 [Worker-95] WARN  o.e.m.c.i.embedder.EclipseLogger - Using platform encoding (UTF-8 actually) to copy filtered resources, i.e. build is platform dependent!
2016-07-22 22:28:08,285 [Worker-95] INFO  o.e.m.c.i.embedder.EclipseLogger - skip non existing resourceDirectory /home/jparanda/workSpaceJuan/extracting-data/src/main/resources
2016-07-22 22:28:08,285 [Worker-95] WARN  o.e.m.c.i.embedder.EclipseLogger - Using platform encoding (UTF-8 actually) to copy filtered resources, i.e. build is platform dependent!
2016-07-22 22:28:08,286 [Worker-95] INFO  o.e.m.c.i.embedder.EclipseLogger - skip non existing resourceDirectory /home/jparanda/workSpaceJuan/extracting-data/src/test/resources
2016-07-22 22:40:33,676 [Worker-106] WARN  o.e.m.c.i.embedder.EclipseLogger - Using platform encoding (UTF-8 actually) to copy filtered resources, i.e. build is platform dependent!
2016-07-22 22:40:33,676 [Worker-106] INFO  o.e.m.c.i.embedder.EclipseLogger - skip non existing resourceDirectory /home/jparanda/workSpaceJuan/extracting-data/src/main/resources
2016-07-22 22:40:33,677 [Worker-106] WARN  o.e.m.c.i.embedder.EclipseLogger - Using platform encoding (UTF-8 actually) to copy filtered resources, i.e. build is platform dependent!
2016-07-22 22:40:33,677 [Worker-106] INFO  o.e.m.c.i.embedder.EclipseLogger - skip non existing resourceDirectory /home/jparanda/workSpaceJuan/extracting-data/src/test/resources
2016-07-22 22:46:09,784 [Worker-111] WARN  o.e.m.c.i.embedder.EclipseLogger - Using platform encoding (UTF-8 actually) to copy filtered resources, i.e. build is platform dependent!
2016-07-22 22:46:09,785 [Worker-111] INFO  o.e.m.c.i.embedder.EclipseLogger - skip non existing resourceDirectory /home/jparanda/workSpaceJuan/extracting-data/src/main/resources
2016-07-22 22:46:09,786 [Worker-111] WARN  o.e.m.c.i.embedder.EclipseLogger - Using platform encoding (UTF-8 actually) to copy filtered resources, i.e. build is platform dependent!
2016-07-22 22:46:09,787 [Worker-111] INFO  o.e.m.c.i.embedder.EclipseLogger - skip non existing resourceDirectory /home/jparanda/workSpaceJuan/extracting-data/src/test/resources
2016-07-22 22:47:10,614 [Worker-112] WARN  o.e.m.c.i.embedder.EclipseLogger - Using platform encoding (UTF-8 actually) to copy filtered resources, i.e. build is platform dependent!
2016-07-22 22:47:10,615 [Worker-112] INFO  o.e.m.c.i.embedder.EclipseLogger - skip non existing resourceDirectory /home/jparanda/workSpaceJuan/extracting-data/src/main/resources
2016-07-22 22:47:10,615 [Worker-112] WARN  o.e.m.c.i.embedder.EclipseLogger - Using platform encoding (UTF-8 actually) to copy filtered resources, i.e. build is platform dependent!
2016-07-22 22:47:10,616 [Worker-112] INFO  o.e.m.c.i.embedder.EclipseLogger - skip non existing resourceDirectory /home/jparanda/workSpaceJuan/extracting-data/src/test/resources
2016-07-25 09:31:30,469 [Worker-6] WARN  o.e.m.c.i.embedder.EclipseLogger - Using platform encoding (UTF-8 actually) to copy filtered resources, i.e. build is platform dependent!
2016-07-25 09:31:30,504 [Worker-6] INFO  o.e.m.c.i.embedder.EclipseLogger - skip non existing resourceDirectory /home/jparanda/workSpaceJuan/extracting-data/src/main/resources
2016-07-25 09:31:30,507 [Worker-6] WARN  o.e.m.c.i.embedder.EclipseLogger - Using platform encoding (UTF-8 actually) to copy filtered resources, i.e. build is platform dependent!
2016-07-25 09:31:30,508 [Worker-6] INFO  o.e.m.c.i.embedder.EclipseLogger - skip non existing resourceDirectory /home/jparanda/workSpaceJuan/extracting-data/src/test/resources
2016-07-27 13:55:16,188 [Worker-22] WARN  o.e.m.c.i.embedder.EclipseLogger - Using platform encoding (UTF-8 actually) to copy filtered resources, i.e. build is platform dependent!
2016-07-27 13:55:16,225 [Worker-22] INFO  o.e.m.c.i.embedder.EclipseLogger - skip non existing resourceDirectory /home/jparanda/workSpaceJuan/extracting-data/src/main/resources
2016-07-27 13:55:16,227 [Worker-22] WARN  o.e.m.c.i.embedder.EclipseLogger - Using platform encoding (UTF-8 actually) to copy filtered resources, i.e. build is platform dependent!
2016-07-27 13:55:16,227 [Worker-22] INFO  o.e.m.c.i.embedder.EclipseLogger - skip non existing resourceDirectory /home/jparanda/workSpaceJuan/extracting-data/src/test/resources
2016-07-27 13:59:41,205 [Worker-31] WARN  o.e.m.c.i.embedder.EclipseLogger - Using platform encoding (UTF-8 actually) to copy filtered resources, i.e. build is platform dependent!
2016-07-27 13:59:41,206 [Worker-31] INFO  o.e.m.c.i.embedder.EclipseLogger - skip non existing resourceDirectory /home/jparanda/workSpaceJuan/extracting-data/src/main/resources
2016-07-27 13:59:41,207 [Worker-31] WARN  o.e.m.c.i.embedder.EclipseLogger - Using platform encoding (UTF-8 actually) to copy filtered resources, i.e. build is platform dependent!
2016-07-27 13:59:41,207 [Worker-31] INFO  o.e.m.c.i.embedder.EclipseLogger - skip non existing resourceDirectory /home/jparanda/workSpaceJuan/extracting-data/src/test/resources
2016-07-27 14:21:53,610 [Worker-46] WARN  o.e.m.c.i.embedder.EclipseLogger - Using platform encoding (UTF-8 actually) to copy filtered resources, i.e. build is platform dependent!
2016-07-27 14:21:53,624 [Worker-46] INFO  o.e.m.c.i.embedder.EclipseLogger - skip non existing resourceDirectory /home/jparanda/workSpaceJuan/extracting-data/src/main/resources
2016-07-27 14:21:53,626 [Worker-46] WARN  o.e.m.c.i.embedder.EclipseLogger - Using platform encoding (UTF-8 actually) to copy filtered resources, i.e. build is platform dependent!
2016-07-27 14:21:53,627 [Worker-46] INFO  o.e.m.c.i.embedder.EclipseLogger - skip non existing resourceDirectory /home/jparanda/workSpaceJuan/extracting-data/src/test/resources
2016-07-27 15:23:20,976 [Worker-82] WARN  o.e.m.c.i.embedder.EclipseLogger - Using platform encoding (UTF-8 actually) to copy filtered resources, i.e. build is platform dependent!
2016-07-27 15:23:20,977 [Worker-82] INFO  o.e.m.c.i.embedder.EclipseLogger - skip non existing resourceDirectory /home/jparanda/workSpaceJuan/extracting-data/src/main/resources
2016-07-27 15:23:20,978 [Worker-82] WARN  o.e.m.c.i.embedder.EclipseLogger - Using platform encoding (UTF-8 actually) to copy filtered resources, i.e. build is platform dependent!
2016-07-27 15:23:20,978 [Worker-82] INFO  o.e.m.c.i.embedder.EclipseLogger - skip non existing resourceDirectory /home/jparanda/workSpaceJuan/extracting-data/src/test/resources
2016-07-27 15:23:46,027 [Worker-81] WARN  o.e.m.c.i.embedder.EclipseLogger - Using platform encoding (UTF-8 actually) to copy filtered resources, i.e. build is platform dependent!
2016-07-27 15:23:46,028 [Worker-81] INFO  o.e.m.c.i.embedder.EclipseLogger - skip non existing resourceDirectory /home/jparanda/workSpaceJuan/extracting-data/src/main/resources
2016-07-27 15:23:46,029 [Worker-81] WARN  o.e.m.c.i.embedder.EclipseLogger - Using platform encoding (UTF-8 actually) to copy filtered resources, i.e. build is platform dependent!
2016-07-27 15:23:46,029 [Worker-81] INFO  o.e.m.c.i.embedder.EclipseLogger - skip non existing resourceDirectory /home/jparanda/workSpaceJuan/extracting-data/src/test/resources
2016-07-27 15:25:04,722 [Worker-86] WARN  o.e.m.c.i.embedder.EclipseLogger - Using platform encoding (UTF-8 actually) to copy filtered resources, i.e. build is platform dependent!
2016-07-27 15:25:04,723 [Worker-86] INFO  o.e.m.c.i.embedder.EclipseLogger - skip non existing resourceDirectory /home/jparanda/workSpaceJuan/extracting-data/src/main/resources
2016-07-27 15:25:04,724 [Worker-86] WARN  o.e.m.c.i.embedder.EclipseLogger - Using platform encoding (UTF-8 actually) to copy filtered resources, i.e. build is platform dependent!
2016-07-27 15:25:04,725 [Worker-86] INFO  o.e.m.c.i.embedder.EclipseLogger - skip non existing resourceDirectory /home/jparanda/workSpaceJuan/extracting-data/src/test/resources
2016-07-27 15:30:52,719 [Worker-80] WARN  o.e.m.c.i.embedder.EclipseLogger - Using platform encoding (UTF-8 actually) to copy filtered resources, i.e. build is platform dependent!
2016-07-27 15:30:52,720 [Worker-80] INFO  o.e.m.c.i.embedder.EclipseLogger - skip non existing resourceDirectory /home/jparanda/workSpaceJuan/extracting-data/src/main/resources
2016-07-27 15:30:52,721 [Worker-80] WARN  o.e.m.c.i.embedder.EclipseLogger - Using platform encoding (UTF-8 actually) to copy filtered resources, i.e. build is platform dependent!
2016-07-27 15:30:52,722 [Worker-80] INFO  o.e.m.c.i.embedder.EclipseLogger - skip non existing resourceDirectory /home/jparanda/workSpaceJuan/extracting-data/src/test/resources
2016-07-27 15:32:12,908 [Worker-87] WARN  o.e.m.c.i.embedder.EclipseLogger - Using platform encoding (UTF-8 actually) to copy filtered resources, i.e. build is platform dependent!
2016-07-27 15:32:12,909 [Worker-87] INFO  o.e.m.c.i.embedder.EclipseLogger - skip non existing resourceDirectory /home/jparanda/workSpaceJuan/extracting-data/src/main/resources
2016-07-27 15:32:12,910 [Worker-87] WARN  o.e.m.c.i.embedder.EclipseLogger - Using platform encoding (UTF-8 actually) to copy filtered resources, i.e. build is platform dependent!
2016-07-27 15:32:12,911 [Worker-87] INFO  o.e.m.c.i.embedder.EclipseLogger - skip non existing resourceDirectory /home/jparanda/workSpaceJuan/extracting-data/src/test/resources
2016-07-27 15:36:13,035 [Worker-87] WARN  o.e.m.c.i.embedder.EclipseLogger - Using platform encoding (UTF-8 actually) to copy filtered resources, i.e. build is platform dependent!
2016-07-27 15:36:13,036 [Worker-87] INFO  o.e.m.c.i.embedder.EclipseLogger - skip non existing resourceDirectory /home/jparanda/workSpaceJuan/extracting-data/src/main/resources
2016-07-27 15:36:13,037 [Worker-87] WARN  o.e.m.c.i.embedder.EclipseLogger - Using platform encoding (UTF-8 actually) to copy filtered resources, i.e. build is platform dependent!
2016-07-27 15:36:13,037 [Worker-87] INFO  o.e.m.c.i.embedder.EclipseLogger - skip non existing resourceDirectory /home/jparanda/workSpaceJuan/extracting-data/src/test/resources
2016-07-27 15:36:48,876 [Worker-80] WARN  o.e.m.c.i.embedder.EclipseLogger - Using platform encoding (UTF-8 actually) to copy filtered resources, i.e. build is platform dependent!
2016-07-27 15:36:48,876 [Worker-80] INFO  o.e.m.c.i.embedder.EclipseLogger - skip non existing resourceDirectory /home/jparanda/workSpaceJuan/extracting-data/src/main/resources
2016-07-27 15:36:48,877 [Worker-80] WARN  o.e.m.c.i.embedder.EclipseLogger - Using platform encoding (UTF-8 actually) to copy filtered resources, i.e. build is platform dependent!
2016-07-27 15:36:48,877 [Worker-80] INFO  o.e.m.c.i.embedder.EclipseLogger - skip non existing resourceDirectory /home/jparanda/workSpaceJuan/extracting-data/src/test/resources
2016-07-27 15:38:13,629 [Worker-80] WARN  o.e.m.c.i.embedder.EclipseLogger - Using platform encoding (UTF-8 actually) to copy filtered resources, i.e. build is platform dependent!
2016-07-27 15:38:13,629 [Worker-80] INFO  o.e.m.c.i.embedder.EclipseLogger - skip non existing resourceDirectory /home/jparanda/workSpaceJuan/extracting-data/src/main/resources
2016-07-27 15:38:13,631 [Worker-80] WARN  o.e.m.c.i.embedder.EclipseLogger - Using platform encoding (UTF-8 actually) to copy filtered resources, i.e. build is platform dependent!
2016-07-27 15:38:13,631 [Worker-80] INFO  o.e.m.c.i.embedder.EclipseLogger - skip non existing resourceDirectory /home/jparanda/workSpaceJuan/extracting-data/src/test/resources
2016-07-27 15:44:08,865 [Worker-97] WARN  o.e.m.c.i.embedder.EclipseLogger - Using platform encoding (UTF-8 actually) to copy filtered resources, i.e. build is platform dependent!
2016-07-27 15:44:08,865 [Worker-97] INFO  o.e.m.c.i.embedder.EclipseLogger - skip non existing resourceDirectory /home/jparanda/workSpaceJuan/extracting-data/src/main/resources
2016-07-27 15:44:08,866 [Worker-97] WARN  o.e.m.c.i.embedder.EclipseLogger - Using platform encoding (UTF-8 actually) to copy filtered resources, i.e. build is platform dependent!
2016-07-27 15:44:08,866 [Worker-97] INFO  o.e.m.c.i.embedder.EclipseLogger - skip non existing resourceDirectory /home/jparanda/workSpaceJuan/extracting-data/src/test/resources
2016-07-27 15:44:52,747 [Worker-92] WARN  o.e.m.c.i.embedder.EclipseLogger - Using platform encoding (UTF-8 actually) to copy filtered resources, i.e. build is platform dependent!
2016-07-27 15:44:52,747 [Worker-92] INFO  o.e.m.c.i.embedder.EclipseLogger - skip non existing resourceDirectory /home/jparanda/workSpaceJuan/extracting-data/src/main/resources
2016-07-27 15:44:52,748 [Worker-92] WARN  o.e.m.c.i.embedder.EclipseLogger - Using platform encoding (UTF-8 actually) to copy filtered resources, i.e. build is platform dependent!
2016-07-27 15:44:52,748 [Worker-92] INFO  o.e.m.c.i.embedder.EclipseLogger - skip non existing resourceDirectory /home/jparanda/workSpaceJuan/extracting-data/src/test/resources
2016-07-27 15:46:51,431 [Worker-102] WARN  o.e.m.c.i.embedder.EclipseLogger - Using platform encoding (UTF-8 actually) to copy filtered resources, i.e. build is platform dependent!
2016-07-27 15:46:51,432 [Worker-102] INFO  o.e.m.c.i.embedder.EclipseLogger - skip non existing resourceDirectory /home/jparanda/workSpaceJuan/extracting-data/src/main/resources
2016-07-27 15:46:51,433 [Worker-102] WARN  o.e.m.c.i.embedder.EclipseLogger - Using platform encoding (UTF-8 actually) to copy filtered resources, i.e. build is platform dependent!
2016-07-27 15:46:51,433 [Worker-102] INFO  o.e.m.c.i.embedder.EclipseLogger - skip non existing resourceDirectory /home/jparanda/workSpaceJuan/extracting-data/src/test/resources
2016-07-27 15:48:52,558 [Worker-107] WARN  o.e.m.c.i.embedder.EclipseLogger - Using platform encoding (UTF-8 actually) to copy filtered resources, i.e. build is platform dependent!
2016-07-27 15:48:52,558 [Worker-107] INFO  o.e.m.c.i.embedder.EclipseLogger - skip non existing resourceDirectory /home/jparanda/workSpaceJuan/extracting-data/src/main/resources
2016-07-27 15:48:52,559 [Worker-107] WARN  o.e.m.c.i.embedder.EclipseLogger - Using platform encoding (UTF-8 actually) to copy filtered resources, i.e. build is platform dependent!
2016-07-27 15:48:52,560 [Worker-107] INFO  o.e.m.c.i.embedder.EclipseLogger - skip non existing resourceDirectory /home/jparanda/workSpaceJuan/extracting-data/src/test/resources
2016-07-27 15:57:00,714 [Worker-111] WARN  o.e.m.c.i.embedder.EclipseLogger - Using platform encoding (UTF-8 actually) to copy filtered resources, i.e. build is platform dependent!
2016-07-27 15:57:00,715 [Worker-111] INFO  o.e.m.c.i.embedder.EclipseLogger - skip non existing resourceDirectory /home/jparanda/workSpaceJuan/extracting-data/src/main/resources
2016-07-27 15:57:00,716 [Worker-111] WARN  o.e.m.c.i.embedder.EclipseLogger - Using platform encoding (UTF-8 actually) to copy filtered resources, i.e. build is platform dependent!
2016-07-27 15:57:00,717 [Worker-111] INFO  o.e.m.c.i.embedder.EclipseLogger - skip non existing resourceDirectory /home/jparanda/workSpaceJuan/extracting-data/src/test/resources
2016-07-27 16:00:25,273 [Worker-115] WARN  o.e.m.c.i.embedder.EclipseLogger - Using platform encoding (UTF-8 actually) to copy filtered resources, i.e. build is platform dependent!
2016-07-27 16:00:25,273 [Worker-115] INFO  o.e.m.c.i.embedder.EclipseLogger - skip non existing resourceDirectory /home/jparanda/workSpaceJuan/extracting-data/src/main/resources
2016-07-27 16:00:25,274 [Worker-115] WARN  o.e.m.c.i.embedder.EclipseLogger - Using platform encoding (UTF-8 actually) to copy filtered resources, i.e. build is platform dependent!
2016-07-27 16:00:25,274 [Worker-115] INFO  o.e.m.c.i.embedder.EclipseLogger - skip non existing resourceDirectory /home/jparanda/workSpaceJuan/extracting-data/src/test/resources
2016-07-27 16:02:15,705 [Worker-116] WARN  o.e.m.c.i.embedder.EclipseLogger - Using platform encoding (UTF-8 actually) to copy filtered resources, i.e. build is platform dependent!
2016-07-27 16:02:15,705 [Worker-116] INFO  o.e.m.c.i.embedder.EclipseLogger - skip non existing resourceDirectory /home/jparanda/workSpaceJuan/extracting-data/src/main/resources
2016-07-27 16:02:15,706 [Worker-116] WARN  o.e.m.c.i.embedder.EclipseLogger - Using platform encoding (UTF-8 actually) to copy filtered resources, i.e. build is platform dependent!
2016-07-27 16:02:15,707 [Worker-116] INFO  o.e.m.c.i.embedder.EclipseLogger - skip non existing resourceDirectory /home/jparanda/workSpaceJuan/extracting-data/src/test/resources
2016-07-27 16:09:22,940 [Worker-111] WARN  o.e.m.c.i.embedder.EclipseLogger - Using platform encoding (UTF-8 actually) to copy filtered resources, i.e. build is platform dependent!
2016-07-27 16:09:22,940 [Worker-111] INFO  o.e.m.c.i.embedder.EclipseLogger - skip non existing resourceDirectory /home/jparanda/workSpaceJuan/extracting-data/src/main/resources
2016-07-27 16:09:22,942 [Worker-111] WARN  o.e.m.c.i.embedder.EclipseLogger - Using platform encoding (UTF-8 actually) to copy filtered resources, i.e. build is platform dependent!
2016-07-27 16:09:22,943 [Worker-111] INFO  o.e.m.c.i.embedder.EclipseLogger - skip non existing resourceDirectory /home/jparanda/workSpaceJuan/extracting-data/src/test/resources
2016-07-27 16:11:31,578 [Worker-106] WARN  o.e.m.c.i.embedder.EclipseLogger - Using platform encoding (UTF-8 actually) to copy filtered resources, i.e. build is platform dependent!
2016-07-27 16:11:31,578 [Worker-106] INFO  o.e.m.c.i.embedder.EclipseLogger - skip non existing resourceDirectory /home/jparanda/workSpaceJuan/extracting-data/src/main/resources
2016-07-27 16:11:31,579 [Worker-106] WARN  o.e.m.c.i.embedder.EclipseLogger - Using platform encoding (UTF-8 actually) to copy filtered resources, i.e. build is platform dependent!
2016-07-27 16:11:31,580 [Worker-106] INFO  o.e.m.c.i.embedder.EclipseLogger - skip non existing resourceDirectory /home/jparanda/workSpaceJuan/extracting-data/src/test/resources
2016-07-27 16:15:51,086 [Worker-114] WARN  o.e.m.c.i.embedder.EclipseLogger - Using platform encoding (UTF-8 actually) to copy filtered resources, i.e. build is platform dependent!
2016-07-27 16:15:51,086 [Worker-114] INFO  o.e.m.c.i.embedder.EclipseLogger - skip non existing resourceDirectory /home/jparanda/workSpaceJuan/extracting-data/src/main/resources
2016-07-27 16:15:51,087 [Worker-114] WARN  o.e.m.c.i.embedder.EclipseLogger - Using platform encoding (UTF-8 actually) to copy filtered resources, i.e. build is platform dependent!
2016-07-27 16:15:51,087 [Worker-114] INFO  o.e.m.c.i.embedder.EclipseLogger - skip non existing resourceDirectory /home/jparanda/workSpaceJuan/extracting-data/src/test/resources
2016-07-27 16:20:01,212 [Worker-114] WARN  o.e.m.c.i.embedder.EclipseLogger - Using platform encoding (UTF-8 actually) to copy filtered resources, i.e. build is platform dependent!
2016-07-27 16:20:01,212 [Worker-114] INFO  o.e.m.c.i.embedder.EclipseLogger - skip non existing resourceDirectory /home/jparanda/workSpaceJuan/extracting-data/src/main/resources
2016-07-27 16:20:01,213 [Worker-114] WARN  o.e.m.c.i.embedder.EclipseLogger - Using platform encoding (UTF-8 actually) to copy filtered resources, i.e. build is platform dependent!
2016-07-27 16:20:01,213 [Worker-114] INFO  o.e.m.c.i.embedder.EclipseLogger - skip non existing resourceDirectory /home/jparanda/workSpaceJuan/extracting-data/src/test/resources
2016-07-27 16:25:05,560 [Worker-130] WARN  o.e.m.c.i.embedder.EclipseLogger - Using platform encoding (UTF-8 actually) to copy filtered resources, i.e. build is platform dependent!
2016-07-27 16:25:05,560 [Worker-130] INFO  o.e.m.c.i.embedder.EclipseLogger - skip non existing resourceDirectory /home/jparanda/workSpaceJuan/extracting-data/src/main/resources
2016-07-27 16:25:05,561 [Worker-130] WARN  o.e.m.c.i.embedder.EclipseLogger - Using platform encoding (UTF-8 actually) to copy filtered resources, i.e. build is platform dependent!
2016-07-27 16:25:05,561 [Worker-130] INFO  o.e.m.c.i.embedder.EclipseLogger - skip non existing resourceDirectory /home/jparanda/workSpaceJuan/extracting-data/src/test/resources
2016-07-27 16:41:14,166 [Worker-136] WARN  o.e.m.c.i.embedder.EclipseLogger - Using platform encoding (UTF-8 actually) to copy filtered resources, i.e. build is platform dependent!
2016-07-27 16:41:14,166 [Worker-136] INFO  o.e.m.c.i.embedder.EclipseLogger - skip non existing resourceDirectory /home/jparanda/workSpaceJuan/extracting-data/src/main/resources
2016-07-27 16:41:14,167 [Worker-136] WARN  o.e.m.c.i.embedder.EclipseLogger - Using platform encoding (UTF-8 actually) to copy filtered resources, i.e. build is platform dependent!
2016-07-27 16:41:14,167 [Worker-136] INFO  o.e.m.c.i.embedder.EclipseLogger - skip non existing resourceDirectory /home/jparanda/workSpaceJuan/extracting-data/src/test/resources
2016-07-27 16:54:09,875 [Worker-137] WARN  o.e.m.c.i.embedder.EclipseLogger - Using platform encoding (UTF-8 actually) to copy filtered resources, i.e. build is platform dependent!
2016-07-27 16:54:09,875 [Worker-137] INFO  o.e.m.c.i.embedder.EclipseLogger - skip non existing resourceDirectory /home/jparanda/workSpaceJuan/extracting-data/src/main/resources
2016-07-27 16:54:09,876 [Worker-137] WARN  o.e.m.c.i.embedder.EclipseLogger - Using platform encoding (UTF-8 actually) to copy filtered resources, i.e. build is platform dependent!
2016-07-27 16:54:09,877 [Worker-137] INFO  o.e.m.c.i.embedder.EclipseLogger - skip non existing resourceDirectory /home/jparanda/workSpaceJuan/extracting-data/src/test/resources
2016-07-28 09:16:02,585 [Worker-11] WARN  o.e.m.c.i.embedder.EclipseLogger - Using platform encoding (UTF-8 actually) to copy filtered resources, i.e. build is platform dependent!
2016-07-28 09:16:02,607 [Worker-11] INFO  o.e.m.c.i.embedder.EclipseLogger - skip non existing resourceDirectory /home/jparanda/workSpaceJuan/extracting-data/src/main/resources
2016-07-28 09:16:02,610 [Worker-11] WARN  o.e.m.c.i.embedder.EclipseLogger - Using platform encoding (UTF-8 actually) to copy filtered resources, i.e. build is platform dependent!
2016-07-28 09:16:02,610 [Worker-11] INFO  o.e.m.c.i.embedder.EclipseLogger - skip non existing resourceDirectory /home/jparanda/workSpaceJuan/extracting-data/src/test/resources
2016-07-28 09:26:34,044 [Worker-19] WARN  o.e.m.c.i.embedder.EclipseLogger - Using platform encoding (UTF-8 actually) to copy filtered resources, i.e. build is platform dependent!
2016-07-28 09:26:34,045 [Worker-19] INFO  o.e.m.c.i.embedder.EclipseLogger - skip non existing resourceDirectory /home/jparanda/workSpaceJuan/extracting-data/src/main/resources
2016-07-28 09:26:34,048 [Worker-19] WARN  o.e.m.c.i.embedder.EclipseLogger - Using platform encoding (UTF-8 actually) to copy filtered resources, i.e. build is platform dependent!
2016-07-28 09:26:34,049 [Worker-19] INFO  o.e.m.c.i.embedder.EclipseLogger - skip non existing resourceDirectory /home/jparanda/workSpaceJuan/extracting-data/src/test/resources
2016-07-28 09:28:14,860 [Worker-26] WARN  o.e.m.c.i.embedder.EclipseLogger - Using platform encoding (UTF-8 actually) to copy filtered resources, i.e. build is platform dependent!
2016-07-28 09:28:14,861 [Worker-26] INFO  o.e.m.c.i.embedder.EclipseLogger - skip non existing resourceDirectory /home/jparanda/workSpaceJuan/extracting-data/src/main/resources
2016-07-28 09:28:14,863 [Worker-26] WARN  o.e.m.c.i.embedder.EclipseLogger - Using platform encoding (UTF-8 actually) to copy filtered resources, i.e. build is platform dependent!
2016-07-28 09:28:14,863 [Worker-26] INFO  o.e.m.c.i.embedder.EclipseLogger - skip non existing resourceDirectory /home/jparanda/workSpaceJuan/extracting-data/src/test/resources
2016-07-28 09:30:39,922 [Worker-29] WARN  o.e.m.c.i.embedder.EclipseLogger - Using platform encoding (UTF-8 actually) to copy filtered resources, i.e. build is platform dependent!
2016-07-28 09:30:39,923 [Worker-29] INFO  o.e.m.c.i.embedder.EclipseLogger - skip non existing resourceDirectory /home/jparanda/workSpaceJuan/extracting-data/src/main/resources
2016-07-28 09:30:39,925 [Worker-29] WARN  o.e.m.c.i.embedder.EclipseLogger - Using platform encoding (UTF-8 actually) to copy filtered resources, i.e. build is platform dependent!
2016-07-28 09:30:39,925 [Worker-29] INFO  o.e.m.c.i.embedder.EclipseLogger - skip non existing resourceDirectory /home/jparanda/workSpaceJuan/extracting-data/src/test/resources
2016-07-28 09:35:22,346 [Worker-34] WARN  o.e.m.c.i.embedder.EclipseLogger - Using platform encoding (UTF-8 actually) to copy filtered resources, i.e. build is platform dependent!
2016-07-28 09:35:22,346 [Worker-34] INFO  o.e.m.c.i.embedder.EclipseLogger - skip non existing resourceDirectory /home/jparanda/workSpaceJuan/extracting-data/src/main/resources
2016-07-28 09:35:22,348 [Worker-34] WARN  o.e.m.c.i.embedder.EclipseLogger - Using platform encoding (UTF-8 actually) to copy filtered resources, i.e. build is platform dependent!
2016-07-28 09:35:22,348 [Worker-34] INFO  o.e.m.c.i.embedder.EclipseLogger - skip non existing resourceDirectory /home/jparanda/workSpaceJuan/extracting-data/src/test/resources
2016-08-09 21:37:18,795 [Worker-2] INFO  o.e.m.c.i.l.LifecycleMappingFactory - Using org.maven.ide.eclipse.wtp.WarLifecycleMapping lifecycle mapping for MavenProject: com.jparanda:WebSocketHome:1.0-SNAPSHOT @ /home/jparanda/workSpaceJuan/WebSocketHome/pom.xml.
2016-08-09 21:37:31,867 [Worker-2] INFO  o.e.m.j.i.AbstractJavaProjectConfigurator - Adding source folder /WebSocketHome/src/main/java
2016-08-09 21:37:31,867 [Worker-2] INFO  o.e.m.j.i.AbstractJavaProjectConfigurator - Adding resource folder /WebSocketHome/src/main/resources
2016-08-09 21:37:31,867 [Worker-2] INFO  o.e.m.j.i.AbstractJavaProjectConfigurator - Adding source folder /WebSocketHome/src/test/java
2016-08-09 21:37:31,972 [Worker-14] INFO  o.e.m.c.i.l.LifecycleMappingFactory - Using org.maven.ide.eclipse.wtp.WarLifecycleMapping lifecycle mapping for MavenProject: com.jparanda:WebSocketHome:1.0-SNAPSHOT @ /home/jparanda/workSpaceJuan/WebSocketHome/pom.xml.
2016-08-09 21:37:34,146 [Worker-2] INFO  o.e.m.c.i.p.ProjectConfigurationManager - Imported and configured 1 project(s) in 16 sec
2016-08-09 21:37:37,803 [Worker-14] INFO  o.e.m.c.i.l.LifecycleMappingFactory - Using org.maven.ide.eclipse.wtp.WarLifecycleMapping lifecycle mapping for MavenProject: com.jparanda:WebSocketHome:1.0-SNAPSHOT @ /home/jparanda/workSpaceJuan/WebSocketHome/pom.xml.
2016-08-09 21:38:29,609 [Worker-2] INFO  o.e.m.c.i.l.LifecycleMappingFactory - Using org.maven.ide.eclipse.wtp.WarLifecycleMapping lifecycle mapping for MavenProject: com.jparanda:WebSocketHome:1.0-SNAPSHOT @ /home/jparanda/workSpaceJuan/WebSocketHome/pom.xml.
2016-08-09 21:40:31,875 [Worker-19] INFO  o.e.m.c.i.l.LifecycleMappingFactory - Using org.maven.ide.eclipse.wtp.WarLifecycleMapping lifecycle mapping for MavenProject: com.jparanda:WebSocketHome:1.0-SNAPSHOT @ /home/jparanda/workSpaceJuan/WebSocketHome/pom.xml.
2016-08-09 21:41:32,517 [Worker-19] INFO  o.e.m.c.i.l.LifecycleMappingFactory - Using org.maven.ide.eclipse.wtp.WarLifecycleMapping lifecycle mapping for MavenProject: com.jparanda:WebSocketHome:1.0-SNAPSHOT @ /home/jparanda/workSpaceJuan/WebSocketHome/pom.xml.
2016-08-09 21:43:49,271 [Worker-16] INFO  o.e.m.c.i.l.LifecycleMappingFactory - Using org.maven.ide.eclipse.wtp.WarLifecycleMapping lifecycle mapping for MavenProject: com.jparanda:WebSocketHome:1.0-SNAPSHOT @ /home/jparanda/workSpaceJuan/WebSocketHome/pom.xml.
2016-08-09 21:55:23,594 [Worker-11] INFO  o.e.m.w.i.f.ResourceFilteringBuildParticipant - Cleaning filtered folder for WebSocketHome
2016-08-09 21:55:23,903 [Worker-17] WARN  o.e.m.c.i.embedder.EclipseLogger - Using platform encoding (UTF-8 actually) to copy filtered resources, i.e. build is platform dependent!
2016-08-09 21:55:23,907 [Worker-17] INFO  o.e.m.c.i.embedder.EclipseLogger - Copying 0 resource
2016-08-09 21:55:23,909 [Worker-17] WARN  o.e.m.c.i.embedder.EclipseLogger - Using platform encoding (UTF-8 actually) to copy filtered resources, i.e. build is platform dependent!
2016-08-09 21:55:23,909 [Worker-17] INFO  o.e.m.c.i.embedder.EclipseLogger - skip non existing resourceDirectory /home/jparanda/workSpaceJuan/WebSocketHome/src/test/resources
2016-08-09 21:55:24,134 [Worker-17] WARN  o.e.m.c.i.embedder.EclipseLogger - Using platform encoding (UTF-8 actually) to copy filtered resources, i.e. build is platform dependent!
2016-08-09 21:55:24,135 [Worker-17] INFO  o.e.m.c.i.embedder.EclipseLogger - skip non existing resourceDirectory /home/jparanda/workSpaceJuan/extracting-data/src/main/resources
2016-08-09 21:55:24,136 [Worker-17] WARN  o.e.m.c.i.embedder.EclipseLogger - Using platform encoding (UTF-8 actually) to copy filtered resources, i.e. build is platform dependent!
2016-08-09 21:55:24,137 [Worker-17] INFO  o.e.m.c.i.embedder.EclipseLogger - skip non existing resourceDirectory /home/jparanda/workSpaceJuan/extracting-data/src/test/resources
2016-08-09 21:56:53,752 [Worker-25] INFO  o.e.m.c.i.l.LifecycleMappingFactory - Using org.maven.ide.eclipse.wtp.WarLifecycleMapping lifecycle mapping for MavenProject: com.jparanda:WebSocketHome:1.0-SNAPSHOT @ /home/jparanda/workSpaceJuan/WebSocketHome/pom.xml.
2016-08-09 22:00:12,680 [Worker-17] INFO  o.e.m.w.i.f.ResourceFilteringBuildParticipant - Cleaning filtered folder for WebSocketHome
2016-08-09 22:00:12,869 [Worker-23] WARN  o.e.m.c.i.embedder.EclipseLogger - Using platform encoding (UTF-8 actually) to copy filtered resources, i.e. build is platform dependent!
2016-08-09 22:00:12,870 [Worker-23] INFO  o.e.m.c.i.embedder.EclipseLogger - Copying 0 resource
2016-08-09 22:00:12,871 [Worker-23] WARN  o.e.m.c.i.embedder.EclipseLogger - Using platform encoding (UTF-8 actually) to copy filtered resources, i.e. build is platform dependent!
2016-08-09 22:00:12,871 [Worker-23] INFO  o.e.m.c.i.embedder.EclipseLogger - skip non existing resourceDirectory /home/jparanda/workSpaceJuan/WebSocketHome/src/test/resources
2016-08-09 22:00:13,022 [Worker-23] WARN  o.e.m.c.i.embedder.EclipseLogger - Using platform encoding (UTF-8 actually) to copy filtered resources, i.e. build is platform dependent!
2016-08-09 22:00:13,023 [Worker-23] INFO  o.e.m.c.i.embedder.EclipseLogger - skip non existing resourceDirectory /home/jparanda/workSpaceJuan/extracting-data/src/main/resources
2016-08-09 22:00:13,024 [Worker-23] WARN  o.e.m.c.i.embedder.EclipseLogger - Using platform encoding (UTF-8 actually) to copy filtered resources, i.e. build is platform dependent!
2016-08-09 22:00:13,024 [Worker-23] INFO  o.e.m.c.i.embedder.EclipseLogger - skip non existing resourceDirectory /home/jparanda/workSpaceJuan/extracting-data/src/test/resources
2016-08-09 22:02:15,766 [Worker-27] WARN  o.e.m.c.i.embedder.EclipseLogger - Using platform encoding (UTF-8 actually) to copy filtered resources, i.e. build is platform dependent!
2016-08-09 22:02:15,767 [Worker-27] INFO  o.e.m.c.i.embedder.EclipseLogger - Copying 0 resource
2016-08-09 22:02:15,768 [Worker-27] WARN  o.e.m.c.i.embedder.EclipseLogger - Using platform encoding (UTF-8 actually) to copy filtered resources, i.e. build is platform dependent!
2016-08-09 22:02:15,768 [Worker-27] INFO  o.e.m.c.i.embedder.EclipseLogger - skip non existing resourceDirectory /home/jparanda/workSpaceJuan/WebSocketHome/src/test/resources
2016-08-09 22:28:04,322 [Worker-32] INFO  o.e.m.w.i.f.ResourceFilteringBuildParticipant - Cleaning filtered folder for WebSocketHome
2016-08-09 22:28:04,516 [Worker-29] WARN  o.e.m.c.i.embedder.EclipseLogger - Using platform encoding (UTF-8 actually) to copy filtered resources, i.e. build is platform dependent!
2016-08-09 22:28:04,517 [Worker-29] INFO  o.e.m.c.i.embedder.EclipseLogger - Copying 0 resource
2016-08-09 22:28:04,521 [Worker-29] WARN  o.e.m.c.i.embedder.EclipseLogger - Using platform encoding (UTF-8 actually) to copy filtered resources, i.e. build is platform dependent!
2016-08-09 22:28:04,521 [Worker-29] INFO  o.e.m.c.i.embedder.EclipseLogger - skip non existing resourceDirectory /home/jparanda/workSpaceJuan/WebSocketHome/src/test/resources
2016-08-09 22:28:04,687 [Worker-29] WARN  o.e.m.c.i.embedder.EclipseLogger - Using platform encoding (UTF-8 actually) to copy filtered resources, i.e. build is platform dependent!
2016-08-09 22:28:04,687 [Worker-29] INFO  o.e.m.c.i.embedder.EclipseLogger - skip non existing resourceDirectory /home/jparanda/workSpaceJuan/extracting-data/src/main/resources
2016-08-09 22:28:04,688 [Worker-29] WARN  o.e.m.c.i.embedder.EclipseLogger - Using platform encoding (UTF-8 actually) to copy filtered resources, i.e. build is platform dependent!
2016-08-09 22:28:04,689 [Worker-29] INFO  o.e.m.c.i.embedder.EclipseLogger - skip non existing resourceDirectory /home/jparanda/workSpaceJuan/extracting-data/src/test/resources
2016-08-09 22:28:30,371 [Worker-28] INFO  o.e.m.c.i.l.LifecycleMappingFactory - Using org.maven.ide.eclipse.wtp.WarLifecycleMapping lifecycle mapping for MavenProject: com.jparanda:WebSocketHome:1.0-SNAPSHOT @ /home/jparanda/workSpaceJuan/WebSocketHome/pom.xml.
2016-08-09 22:28:30,418 [Worker-28] WARN  o.e.m.c.i.embedder.EclipseLogger - Using platform encoding (UTF-8 actually) to copy filtered resources, i.e. build is platform dependent!
2016-08-09 22:28:30,418 [Worker-28] INFO  o.e.m.c.i.embedder.EclipseLogger - Copying 0 resource
2016-08-09 22:28:30,421 [Worker-28] WARN  o.e.m.c.i.embedder.EclipseLogger - Using platform encoding (UTF-8 actually) to copy filtered resources, i.e. build is platform dependent!
2016-08-09 22:28:30,421 [Worker-28] INFO  o.e.m.c.i.embedder.EclipseLogger - skip non existing resourceDirectory /home/jparanda/workSpaceJuan/WebSocketHome/src/test/resources
2016-08-09 22:28:31,120 [Worker-35] INFO  o.e.m.c.i.l.LifecycleMappingFactory - Using org.maven.ide.eclipse.wtp.WarLifecycleMapping lifecycle mapping for MavenProject: com.jparanda:WebSocketHome:1.0-SNAPSHOT @ /home/jparanda/workSpaceJuan/WebSocketHome/pom.xml.
